Terminals which are not used

   LITERAL
   WSPACE


Grammar

    0 $accept: input $end

    1 @1: /* empty */

    2 input: input primitive_decl '{' @1 body '}'
    3      | /* empty */

    4 @2: /* empty */

    5 primitive_decl: "primitive" "identifier" @2 primitive_decl_2

    6 primitive_decl_2: primitive_number primitive_attrs
    7                 | ':' prim_id_decls

    8 primitive_number: '=' "number"
    9                 | /* empty */

   10 primitive_attrs: '[' primitive_attr_list ']'

   11 primitive_attr_list: "identifier"
   12                    | primitive_attr_list ',' "identifier"

   13 prim_id_decls: prim_id_decls ',' prim_id_decl
   14              | prim_id_decl

   15 @3: /* empty */

   16 prim_id_decl: "prim_id" "identifier" @3 primitive_number primitive_attrs

   17 body: body prim_id_ref
   18     | /* empty */

   19 @4: /* empty */

   20 prim_id_ref: "prim_id" '(' "identifier" @4 ')'


Terminals, with rules where they appear

$end (0) 0
'(' (40) 20
')' (41) 20
',' (44) 12 13
':' (58) 7
'=' (61) 8
'[' (91) 10
']' (93) 10
'{' (123) 2
'}' (125) 2
error (256)
"primitive" (258) 5
"prim_id" (259) 16 20
"number" (260) 8
"identifier" (261) 5 11 12 16 20
LITERAL (262)
WSPACE (263)


Nonterminals, with rules where they appear

$accept (18)
    on left: 0
input (19)
    on left: 2 3, on right: 0 2
@1 (20)
    on left: 1, on right: 2
primitive_decl (21)
    on left: 5, on right: 2
@2 (22)
    on left: 4, on right: 5
primitive_decl_2 (23)
    on left: 6 7, on right: 5
primitive_number (24)
    on left: 8 9, on right: 6 16
primitive_attrs (25)
    on left: 10, on right: 6 16
primitive_attr_list (26)
    on left: 11 12, on right: 10 12
prim_id_decls (27)
    on left: 13 14, on right: 7 13
prim_id_decl (28)
    on left: 16, on right: 13 14
@3 (29)
    on left: 15, on right: 16
body (30)
    on left: 17 18, on right: 2 17
prim_id_ref (31)
    on left: 20, on right: 17
@4 (32)
    on left: 19, on right: 20


state 0

    0 $accept: . input $end

    $default  reduce using rule 3 (input)

    input  go to state 1


state 1

    0 $accept: input . $end
    2 input: input . primitive_decl '{' @1 body '}'

    $end         shift, and go to state 2
    "primitive"  shift, and go to state 3

    primitive_decl  go to state 4


state 2

    0 $accept: input $end .

    $default  accept


state 3

    5 primitive_decl: "primitive" . "identifier" @2 primitive_decl_2

    "identifier"  shift, and go to state 5


state 4

    2 input: input primitive_decl . '{' @1 body '}'

    '{'  shift, and go to state 6


state 5

    5 primitive_decl: "primitive" "identifier" . @2 primitive_decl_2

    $default  reduce using rule 4 (@2)

    @2  go to state 7


state 6

    2 input: input primitive_decl '{' . @1 body '}'

    $default  reduce using rule 1 (@1)

    @1  go to state 8


state 7

    5 primitive_decl: "primitive" "identifier" @2 . primitive_decl_2

    '='  shift, and go to state 9
    ':'  shift, and go to state 10

    $default  reduce using rule 9 (primitive_number)

    primitive_decl_2  go to state 11
    primitive_number  go to state 12


state 8

    2 input: input primitive_decl '{' @1 . body '}'

    $default  reduce using rule 18 (body)

    body  go to state 13


state 9

    8 primitive_number: '=' . "number"

    "number"  shift, and go to state 14


state 10

    7 primitive_decl_2: ':' . prim_id_decls

    "prim_id"  shift, and go to state 15

    prim_id_decls  go to state 16
    prim_id_decl   go to state 17


state 11

    5 primitive_decl: "primitive" "identifier" @2 primitive_decl_2 .

    $default  reduce using rule 5 (primitive_decl)


state 12

    6 primitive_decl_2: primitive_number . primitive_attrs

    '['  shift, and go to state 18

    primitive_attrs  go to state 19


state 13

    2 input: input primitive_decl '{' @1 body . '}'
   17 body: body . prim_id_ref

    "prim_id"  shift, and go to state 20
    '}'        shift, and go to state 21

    prim_id_ref  go to state 22


state 14

    8 primitive_number: '=' "number" .

    $default  reduce using rule 8 (primitive_number)


state 15

   16 prim_id_decl: "prim_id" . "identifier" @3 primitive_number primitive_attrs

    "identifier"  shift, and go to state 23


state 16

    7 primitive_decl_2: ':' prim_id_decls .
   13 prim_id_decls: prim_id_decls . ',' prim_id_decl

    ','  shift, and go to state 24

    $default  reduce using rule 7 (primitive_decl_2)


state 17

   14 prim_id_decls: prim_id_decl .

    $default  reduce using rule 14 (prim_id_decls)


state 18

   10 primitive_attrs: '[' . primitive_attr_list ']'

    "identifier"  shift, and go to state 25

    primitive_attr_list  go to state 26


state 19

    6 primitive_decl_2: primitive_number primitive_attrs .

    $default  reduce using rule 6 (primitive_decl_2)


state 20

   20 prim_id_ref: "prim_id" . '(' "identifier" @4 ')'

    '('  shift, and go to state 27


state 21

    2 input: input primitive_decl '{' @1 body '}' .

    $default  reduce using rule 2 (input)


state 22

   17 body: body prim_id_ref .

    $default  reduce using rule 17 (body)


state 23

   16 prim_id_decl: "prim_id" "identifier" . @3 primitive_number primitive_attrs

    $default  reduce using rule 15 (@3)

    @3  go to state 28


state 24

   13 prim_id_decls: prim_id_decls ',' . prim_id_decl

    "prim_id"  shift, and go to state 15

    prim_id_decl  go to state 29


state 25

   11 primitive_attr_list: "identifier" .

    $default  reduce using rule 11 (primitive_attr_list)


state 26

   10 primitive_attrs: '[' primitive_attr_list . ']'
   12 primitive_attr_list: primitive_attr_list . ',' "identifier"

    ']'  shift, and go to state 30
    ','  shift, and go to state 31


state 27

   20 prim_id_ref: "prim_id" '(' . "identifier" @4 ')'

    "identifier"  shift, and go to state 32


state 28

   16 prim_id_decl: "prim_id" "identifier" @3 . primitive_number primitive_attrs

    '='  shift, and go to state 9

    $default  reduce using rule 9 (primitive_number)

    primitive_number  go to state 33


state 29

   13 prim_id_decls: prim_id_decls ',' prim_id_decl .

    $default  reduce using rule 13 (prim_id_decls)


state 30

   10 primitive_attrs: '[' primitive_attr_list ']' .

    $default  reduce using rule 10 (primitive_attrs)


state 31

   12 primitive_attr_list: primitive_attr_list ',' . "identifier"

    "identifier"  shift, and go to state 34


state 32

   20 prim_id_ref: "prim_id" '(' "identifier" . @4 ')'

    $default  reduce using rule 19 (@4)

    @4  go to state 35


state 33

   16 prim_id_decl: "prim_id" "identifier" @3 primitive_number . primitive_attrs

    '['  shift, and go to state 18

    primitive_attrs  go to state 36


state 34

   12 primitive_attr_list: primitive_attr_list ',' "identifier" .

    $default  reduce using rule 12 (primitive_attr_list)


state 35

   20 prim_id_ref: "prim_id" '(' "identifier" @4 . ')'

    ')'  shift, and go to state 37


state 36

   16 prim_id_decl: "prim_id" "identifier" @3 primitive_number primitive_attrs .

    $default  reduce using rule 16 (prim_id_decl)


state 37

   20 prim_id_ref: "prim_id" '(' "identifier" @4 ')' .

    $default  reduce using rule 20 (prim_id_ref)
